Build started 3/27/2015 12:06:52 PM.
     1>Project "C:\Users\Eddie Meza\Desktop\pong\pong\pong.vcxproj" on node 2 (Build target(s)).
     1>ClCompile:
         C:\Program Files (x86)\Microsoft Visual Studio 12.0\VC\bin\x86_amd64\CL.exe /c /AI"C:\Program Files (x86)\Reference Assemblies\Microsoft\Framework\.NETFramework\v4.5\\" /AI"C:\Program Files (x86)\Windows Kits\8.1\References\CommonConfiguration\Neutral" /AI"C:\Program Files (x86)\Reference Assemblies\Microsoft\Framework\.NETFramework\v4.5\Facades\\" /Zi /clr /nologo /W3 /WX- /Od /D WIN32 /D _DEBUG /D _UNICODE /D UNICODE /EHa /MDd /GS /fp:precise /Zc:wchar_t /Zc:forScope /Fo"x64\Debug\\" /Fd"x64\Debug\vc120.pdb" /TP /FU"C:\Program Files (x86)\Reference Assemblies\Microsoft\Framework\.NETFramework\v4.5\mscorlib.dll" /errorReport:prompt /clr:nostdlib Game.cpp main.cpp Menu.cpp MenuUI.cpp shape.cpp time.cpp
         Game.cpp
     1>Game.cpp(77): warning C4244: 'argument' : conversion from 'time_t' to 'unsigned int', possible loss of data
     1>Game.cpp(79): warning C4244: '=' : conversion from 'int' to 'float', possible loss of data
         main.cpp
         Menu.cpp
         MenuUI.cpp
         shape.cpp
         time.cpp
         Generating Code...
         C:\Program Files (x86)\Microsoft Visual Studio 12.0\VC\bin\x86_amd64\CL.exe /c /Zi /clr /nologo /W3 /WX- /Od /D WIN32 /D _DEBUG /D _UNICODE /D UNICODE /EHa /MDd /GS /fp:precise /Zc:wchar_t /Zc:forScope /Fo"x64\Debug\\" /Fd"x64\Debug\vc120.pdb" /TP /errorReport:prompt "C:\Users\Eddie Meza\AppData\Local\Temp\.NETFramework,Version=v4.5.AssemblyAttributes.cpp"
         .NETFramework,Version=v4.5.AssemblyAttributes.cpp
       Link:
         C:\Program Files (x86)\Microsoft Visual Studio 12.0\VC\bin\x86_amd64\link.exe /ERRORREPORT:PROMPT /OUT:"C:\Users\Eddie Meza\Desktop\pong\x64\Debug\pong.exe" /INCREMENTAL /NOLOGO "sfml-graphics-d.lib" "sfml-window-d.lib" "sfml-system-d.lib" kernel32.lib user32.lib gdi32.lib winspool.lib comdlg32.lib advapi32.lib shell32.lib ole32.lib oleaut32.lib uuid.lib odbc32.lib odbccp32.lib /MANIFEST /MANIFESTUAC:"level='asInvoker' uiAccess='false'" /manifest:embed /DEBUG /PDB:"C:\Users\Eddie Meza\Desktop\pong\x64\Debug\pong.pdb" /ASSEMBLYDEBUG /TLBID:1 /DYNAMICBASE /FIXED:NO /NXCOMPAT /MACHINE:X64 x64\Debug\Game.obj
         x64\Debug\main.obj
         x64\Debug\Menu.obj
         x64\Debug\MenuUI.obj
         x64\Debug\shape.obj
         x64\Debug\time.obj
         "x64\Debug\.NETFramework,Version=v4.5.AssemblyAttributes.obj"
         pong.vcxproj -> C:\Users\Eddie Meza\Desktop\pong\x64\Debug\pong.exe
     1>Done Building Project "C:\Users\Eddie Meza\Desktop\pong\pong\pong.vcxproj" (Build target(s)).

Build succeeded.

Time Elapsed 00:00:30.76
